This is pdfTeX, Version 3.14159265-2.6-1.40.18 (MiKTeX 2.9.6500 64-bit) (preloaded format=pdflatex 2017.11.13)  23 NOV 2017 13:41
entering extended mode
**./problem.tex
(problem.tex
LaTeX2e <2017-04-15>
Babel <3.15> and hyphenation patterns for 75 language(s) loaded.
! Undefined control sequence.
l.1 \CWHeader
             {–õ–∞–±–æ—Ä–∞—Ç–æ—Ä–Ω–∞—è —Ä–∞–±–æ—Ç–∞ \textnumero 1}
The control sequence at the end of the top line
of your error message was never \def'ed. If you have
misspelled it (e.g., `\hobx'), type `I' and the correct
spelling (e.g., `I\hbox'). Otherwise just continue,
and I'll forget about whatever was undefined.


! LaTeX Error: Missing \begin{document}.

See the LaTeX manual or LaTeX Companion for explanation.
Type  H <return>  for immediate help.
 ...                                              
                                                  
l.1 \CWHeader{–
               õ–∞–±–æ—Ä–∞—Ç–æ—Ä–Ω–∞—è —Ä–∞–±–æ—Ç–∞ \textnumero 1}
You're in trouble here.  Try typing  <return>  to proceed.
If that doesn't work, type  X <return>  to quit.

Missing character: There is no – in font nullfont!
Missing character: There is no õ in font nullfont!
Missing character: There is no – in font nullfont!
Missing character: There is no ∞ in font nullfont!
Missing character: There is no – in font nullfont!
Missing character: There is no ± in font nullfont!
Missing character: There is no – in font nullfont!
Missing character: There is no æ in font nullfont!
Missing character: There is no — in font nullfont!
Missing character: There is no Ä in font nullfont!
Missing character: There is no – in font nullfont!
Missing character: There is no ∞ in font nullfont!
Missing character: There is no — in font nullfont!
Missing character: There is no Ç in font nullfont!
Missing character: There is no – in font nullfont!
Missing character: There is no æ in font nullfont!
Missing character: There is no — in font nullfont!
Missing character: There is no Ä in font nullfont!
Missing character: There is no – in font nullfont!
Missing character: There is no Ω in font nullfont!
Missing character: There is no – in font nullfont!
Missing character: There is no ∞ in font nullfont!
Missing character: There is no — in font nullfont!
Missing character: There is no è in font nullfont!
Missing character: There is no — in font nullfont!
Missing character: There is no Ä in font nullfont!
Missing character: There is no – in font nullfont!
Missing character: There is no ∞ in font nullfont!
Missing character: There is no – in font nullfont!
Missing character: There is no ± in font nullfont!
Missing character: There is no – in font nullfont!
Missing character: There is no æ in font nullfont!
Missing character: There is no — in font nullfont!
Missing character: There is no Ç in font nullfont!
Missing character: There is no – in font nullfont!
Missing character: There is no ∞ in font nullfont!
! Undefined control sequence.
l.1 ...–æ—Ä–∞—Ç–æ—Ä–Ω–∞—è —Ä–∞–±–æ—Ç–∞ \textnumero
                                                   1}
The control sequence at the end of the top line
of your error message was never \def'ed. If you have
misspelled it (e.g., `\hobx'), type `I' and the correct
spelling (e.g., `I\hbox'). Otherwise just continue,
and I'll forget about whatever was undefined.

Missing character: There is no 1 in font nullfont!

Overfull \hbox (20.0pt too wide) in paragraph at lines 1--2
[]
 []

! Undefined control sequence.
l.3 \CWProblem
              {
The control sequence at the end of the top line
of your error message was never \def'ed. If you have
misspelled it (e.g., `\hobx'), type `I' and the correct
spelling (e.g., `I\hbox'). Otherwise just continue,
and I'll forget about whatever was undefined.


! LaTeX Error: Missing \begin{document}.

See the LaTeX manual or LaTeX Companion for explanation.
Type  H <return>  for immediate help.
 ...                                              
                                                  
l.4 –
     ¢—Ä–µ–±—É–µ—Ç—Å—è —Ä–∞–∑—Ä–∞–±–æ—Ç–∞—Ç—å –ø—Ä–æ–≥—Ä–∞–º–º—É, –æ—Å—É—â–µ...

You're in trouble here.  Try typing  <return>  to proceed.
If that doesn't work, type  X <return>  to quit.

Missing character: There is no – in font nullfont!
Missing character: There is no ¢ in font nullfont!
Missing character: There is no — in font nullfont!
Missing character: There is no Ä in font nullfont!
Missing character: There is no – in font nullfont!
Missing character: There is no µ in font nullfont!
Missing character: There is no – in font nullfont!
Missing character: There is no ± in font nullfont!
Missing character: There is no — in font nullfont!
Missing character: There is no É in font nullfont!
Missing character: There is no – in font nullfont!
Missing character: There is no µ in font nullfont!
Missing character: There is no — in font nullfont!
Missing character: There is no Ç in font nullfont!
Missing character: There is no — in font nullfont!
Missing character: There is no Å in font nullfont!
Missing character: There is no — in font nullfont!
Missing character: There is no è in font nullfont!
Missing character: There is no — in font nullfont!
Missing character: There is no Ä in font nullfont!
Missing character: There is no – in font nullfont!
Missing character: There is no ∞ in font nullfont!
Missing character: There is no – in font nullfont!
Missing character: There is no ∑ in font nullfont!
Missing character: There is no — in font nullfont!
Missing character: There is no Ä in font nullfont!
Missing character: There is no – in font nullfont!
Missing character: There is no ∞ in font nullfont!
Missing character: There is no – in font nullfont!
Missing character: There is no ± in font nullfont!
Missing character: There is no – in font nullfont!
Missing character: There is no æ in font nullfont!
Missing character: There is no — in font nullfont!
Missing character: There is no Ç in font nullfont!
Missing character: There is no – in font nullfont!
Missing character: There is no ∞ in font nullfont!
Missing character: There is no — in font nullfont!
Missing character: There is no Ç in font nullfont!
Missing character: There is no — in font nullfont!
Missing character: There is no å in font nullfont!
Missing character: There is no – in font nullfont!
Missing character: There is no ø in font nullfont!
Missing character: There is no — in font nullfont!
Missing character: There is no Ä in font nullfont!
Missing character: There is no – in font nullfont!
Missing character: There is no æ in font nullfont!
Missing character: There is no – in font nullfont!
Missing character: There is no ≥ in font nullfont!
Missing character: There is no — in font nullfont!
Missing character: There is no Ä in font nullfont!
Missing character: There is no – in font nullfont!
Missing character: There is no ∞ in font nullfont!
Missing character: There is no – in font nullfont!
Missing character: There is no º in font nullfont!
Missing character: There is no – in font nullfont!
Missing character: There is no º in font nullfont!
Missing character: There is no — in font nullfont!
Missing character: There is no É in font nullfont!
Missing character: There is no , in font nullfont!
Missing character: There is no – in font nullfont!
Missing character: There is no æ in font nullfont!
Missing character: There is no — in font nullfont!
Missing character: There is no Å in font nullfont!
Missing character: There is no — in font nullfont!
Missing character: There is no É in font nullfont!
Missing character: There is no — in font nullfont!
Missing character: There is no â in font nullfont!
Missing character: There is no – in font nullfont!
Missing character: There is no µ in font nullfont!
Missing character: There is no — in font nullfont!
Missing character: There is no Å in font nullfont!
Missing character: There is no — in font nullfont!
Missing character: There is no Ç in font nullfont!
Missing character: There is no – in font nullfont!
Missing character: There is no ≤ in font nullfont!
Missing character: There is no – in font nullfont!
Missing character: There is no ª in font nullfont!
Missing character: There is no — in font nullfont!
Missing character: There is no è in font nullfont!
Missing character: There is no — in font nullfont!
Missing character: There is no é in font nullfont!
Missing character: There is no — in font nullfont!
Missing character: There is no â in font nullfont!
Missing character: There is no — in font nullfont!
Missing character: There is no É in font nullfont!
Missing character: There is no — in font nullfont!
Missing character: There is no é in font nullfont!
Missing character: There is no – in font nullfont!
Missing character: There is no ≤ in font nullfont!
Missing character: There is no – in font nullfont!
Missing character: There is no ≤ in font nullfont!
Missing character: There is no – in font nullfont!
Missing character: There is no æ in font nullfont!
Missing character: There is no – in font nullfont!
Missing character: There is no ¥ in font nullfont!
Missing character: There is no – in font nullfont!
Missing character: There is no ø in font nullfont!
Missing character: There is no – in font nullfont!
Missing character: There is no ∞ in font nullfont!
Missing character: There is no — in font nullfont!
Missing character: There is no Ä in font nullfont!
! Undefined control sequence.
l.4 ...—Å—Ç–≤–ª—è—é—â—É—é –≤–≤–æ–¥ –ø–∞—Ä \enquote
                                                  {–∫–ª—é—á-–∑–Ω–∞—á–µ–Ω–∏–µ...
The control sequence at the end of the top line
of your error message was never \def'ed. If you have
misspelled it (e.g., `\hobx'), type `I' and the correct
spelling (e.g., `I\hbox'). Otherwise just continue,
and I'll forget about whatever was undefined.

Missing character: There is no – in font nullfont!
Missing character: There is no ∫ in font nullfont!
Missing character: There is no – in font nullfont!
Missing character: There is no ª in font nullfont!
Missing character: There is no — in font nullfont!
Missing character: There is no é in font nullfont!
Missing character: There is no — in font nullfont!
Missing character: There is no á in font nullfont!
Missing character: There is no - in font nullfont!
Missing character: There is no – in font nullfont!
Missing character: There is no ∑ in font nullfont!
Missing character: There is no – in font nullfont!
Missing character: There is no Ω in font nullfont!
Missing character: There is no – in font nullfont!
Missing character: There is no ∞ in font nullfont!
Missing character: There is no — in font nullfont!
Missing character: There is no á in font nullfont!
Missing character: There is no – in font nullfont!
Missing character: There is no µ in font nullfont!
Missing character: There is no – in font nullfont!
Missing character: There is no Ω in font nullfont!
Missing character: There is no – in font nullfont!
Missing character: There is no ∏ in font nullfont!
Missing character: There is no – in font nullfont!
Missing character: There is no µ in font nullfont!
Missing character: There is no , in font nullfont!
Missing character: There is no – in font nullfont!
Missing character: There is no ∏ in font nullfont!
Missing character: There is no — in font nullfont!
Missing character: There is no Ö in font nullfont!
Missing character: There is no — in font nullfont!
Missing character: There is no É in font nullfont!
Missing character: There is no – in font nullfont!
Missing character: There is no ø in font nullfont!
Missing character: There is no – in font nullfont!
Missing character: There is no æ in font nullfont!
Missing character: There is no — in font nullfont!
Missing character: There is no Ä in font nullfont!
Missing character: There is no — in font nullfont!
Missing character: There is no è in font nullfont!
Missing character: There is no – in font nullfont!
Missing character: There is no ¥ in font nullfont!
Missing character: There is no – in font nullfont!
Missing character: There is no æ in font nullfont!
Missing character: There is no — in font nullfont!
Missing character: There is no á in font nullfont!
Missing character: There is no – in font nullfont!
Missing character: There is no ∏ in font nullfont!
Missing character: There is no – in font nullfont!
Missing character: There is no ≤ in font nullfont!
Missing character: There is no – in font nullfont!
Missing character: There is no ∞ in font nullfont!
Missing character: There is no – in font nullfont!
Missing character: There is no Ω in font nullfont!
Missing character: There is no – in font nullfont!
Missing character: There is no ∏ in font nullfont!
Missing character: There is no – in font nullfont!
Missing character: There is no µ in font nullfont!
Missing character: There is no – in font nullfont!
Missing character: There is no ø in font nullfont!
Missing character: There is no – in font nullfont!
Missing character: There is no æ in font nullfont!
Missing character: There is no – in font nullfont!
Missing character: There is no ≤ in font nullfont!
Missing character: There is no – in font nullfont!
Missing character: There is no æ in font nullfont!
Missing character: There is no – in font nullfont!
Missing character: There is no ∑ in font nullfont!
Missing character: There is no — in font nullfont!
Missing character: There is no Ä in font nullfont!
Missing character: There is no – in font nullfont!
Missing character: There is no ∞ in font nullfont!
Missing character: There is no — in font nullfont!
Missing character: There is no Å in font nullfont!
Missing character: There is no — in font nullfont!
Missing character: There is no Ç in font nullfont!
Missing character: There is no – in font nullfont!
Missing character: There is no ∞ in font nullfont!
Missing character: There is no – in font nullfont!
Missing character: There is no Ω in font nullfont!
Missing character: There is no – in font nullfont!
Missing character: There is no ∏ in font nullfont!
Missing character: There is no — in font nullfont!
Missing character: There is no é in font nullfont!
Missing character: There is no – in font nullfont!
Missing character: There is no ∫ in font nullfont!
Missing character: There is no – in font nullfont!
Missing character: There is no ª in font nullfont!
Missing character: There is no — in font nullfont!
Missing character: There is no é in font nullfont!
Missing character: There is no — in font nullfont!
Missing character: There is no á in font nullfont!
Missing character: There is no – in font nullfont!
Missing character: There is no ∞ in font nullfont!
Missing character: There is no — in font nullfont!
Missing character: There is no É in font nullfont!
Missing character: There is no – in font nullfont!
Missing character: There is no ∫ in font nullfont!
Missing character: There is no – in font nullfont!
Missing character: There is no ∞ in font nullfont!
Missing character: There is no – in font nullfont!
Missing character: There is no ∑ in font nullfont!
Missing character: There is no – in font nullfont!
Missing character: There is no ∞ in font nullfont!
Missing character: There is no – in font nullfont!
Missing character: There is no Ω in font nullfont!
Missing character: There is no – in font nullfont!
Missing character: There is no Ω in font nullfont!
Missing character: There is no — in font nullfont!
Missing character: There is no ã in font nullfont!
Missing character: There is no – in font nullfont!
Missing character: There is no º in font nullfont!
Missing character: There is no – in font nullfont!
Missing character: There is no ∞ in font nullfont!
Missing character: There is no – in font nullfont!
Missing character: There is no ª in font nullfont!
Missing character: There is no – in font nullfont!
Missing character: There is no ≥ in font nullfont!
Missing character: There is no – in font nullfont!
Missing character: There is no æ in font nullfont!
Missing character: There is no — in font nullfont!
Missing character: There is no Ä in font nullfont!
Missing character: There is no – in font nullfont!
Missing character: There is no ∏ in font nullfont!
Missing character: There is no — in font nullfont!
Missing character: There is no Ç in font nullfont!
Missing character: There is no – in font nullfont!
Missing character: There is no º in font nullfont!
Missing character: There is no – in font nullfont!
Missing character: There is no æ in font nullfont!
Missing character: There is no – in font nullfont!
Missing character: There is no º in font nullfont!
Missing character: There is no — in font nullfont!
Missing character: There is no Å in font nullfont!
Missing character: There is no – in font nullfont!
Missing character: There is no æ in font nullfont!
Missing character: There is no — in font nullfont!
Missing character: There is no Ä in font nullfont!
Missing character: There is no — in font nullfont!
Missing character: There is no Ç in font nullfont!
Missing character: There is no – in font nullfont!
Missing character: There is no ∏ in font nullfont!
Missing character: There is no — in font nullfont!
Missing character: There is no Ä in font nullfont!
Missing character: There is no – in font nullfont!
Missing character: There is no æ in font nullfont!
Missing character: There is no – in font nullfont!
Missing character: There is no ≤ in font nullfont!
Missing character: There is no – in font nullfont!
Missing character: There is no ∫ in font nullfont!
Missing character: There is no – in font nullfont!
Missing character: There is no ∏ in font nullfont!
Missing character: There is no – in font nullfont!
Missing character: There is no ∑ in font nullfont!
Missing character: There is no – in font nullfont!
Missing character: There is no ∞ in font nullfont!
Missing character: There is no – in font nullfont!
Missing character: There is no ª in font nullfont!
Missing character: There is no – in font nullfont!
Missing character: There is no ∏ in font nullfont!
Missing character: There is no – in font nullfont!
Missing character: There is no Ω in font nullfont!
Missing character: There is no – in font nullfont!
Missing character: There is no µ in font nullfont!
Missing character: There is no – in font nullfont!
Missing character: There is no π in font nullfont!
Missing character: There is no – in font nullfont!
Missing character: There is no Ω in font nullfont!
Missing character: There is no – in font nullfont!
Missing character: There is no æ in font nullfont!
Missing character: There is no – in font nullfont!
Missing character: There is no µ in font nullfont!
Missing character: There is no – in font nullfont!
Missing character: There is no ≤ in font nullfont!
Missing character: There is no — in font nullfont!
Missing character: There is no Ä in font nullfont!
Missing character: There is no – in font nullfont!
Missing character: There is no µ in font nullfont!
Missing character: There is no – in font nullfont!
Missing character: There is no º in font nullfont!
Missing character: There is no — in font nullfont!
Missing character: There is no è in font nullfont!
Missing character: There is no – in font nullfont!
Missing character: There is no ∏ in font nullfont!
Missing character: There is no – in font nullfont!
Missing character: There is no ≤ in font nullfont!
Missing character: There is no — in font nullfont!
Missing character: There is no ã in font nullfont!
Missing character: There is no – in font nullfont!
Missing character: There is no ≤ in font nullfont!
Missing character: There is no – in font nullfont!
Missing character: There is no æ in font nullfont!
Missing character: There is no – in font nullfont!
Missing character: There is no ¥ in font nullfont!
Missing character: There is no – in font nullfont!
Missing character: There is no æ in font nullfont!
Missing character: There is no — in font nullfont!
Missing character: There is no Ç in font nullfont!
Missing character: There is no — in font nullfont!
Missing character: There is no Å in font nullfont!
Missing character: There is no – in font nullfont!
Missing character: There is no æ in font nullfont!
Missing character: There is no — in font nullfont!
Missing character: There is no Ä in font nullfont!
Missing character: There is no — in font nullfont!
Missing character: There is no Ç in font nullfont!
Missing character: There is no – in font nullfont!
Missing character: There is no ∏ in font nullfont!
Missing character: There is no — in font nullfont!
Missing character: There is no Ä in font nullfont!
Missing character: There is no – in font nullfont!
Missing character: There is no æ in font nullfont!
Missing character: There is no – in font nullfont!
Missing character: There is no ≤ in font nullfont!
Missing character: There is no – in font nullfont!
Missing character: There is no ∞ in font nullfont!
Missing character: There is no – in font nullfont!
Missing character: There is no Ω in font nullfont!
Missing character: There is no – in font nullfont!
Missing character: There is no Ω in font nullfont!
Missing character: There is no – in font nullfont!
Missing character: There is no æ in font nullfont!
Missing character: There is no – in font nullfont!
Missing character: There is no π in font nullfont!
Missing character: There is no – in font nullfont!
Missing character: There is no ø in font nullfont!
Missing character: There is no – in font nullfont!
Missing character: There is no æ in font nullfont!
Missing character: There is no — in font nullfont!
Missing character: There is no Å in font nullfont!
Missing character: There is no – in font nullfont!
Missing character: There is no ª in font nullfont!
Missing character: There is no – in font nullfont!
Missing character: There is no µ in font nullfont!
Missing character: There is no – in font nullfont!
Missing character: There is no ¥ in font nullfont!
Missing character: There is no – in font nullfont!
Missing character: There is no æ in font nullfont!
Missing character: There is no – in font nullfont!
Missing character: There is no ≤ in font nullfont!
Missing character: There is no – in font nullfont!
Missing character: There is no ∞ in font nullfont!
Missing character: There is no — in font nullfont!
Missing character: There is no Ç in font nullfont!
Missing character: There is no – in font nullfont!
Missing character: There is no µ in font nullfont!
Missing character: There is no – in font nullfont!
Missing character: There is no ª in font nullfont!
Missing character: There is no — in font nullfont!
Missing character: There is no å in font nullfont!
Missing character: There is no – in font nullfont!
Missing character: There is no Ω in font nullfont!
Missing character: There is no – in font nullfont!
Missing character: There is no æ in font nullfont!
Missing character: There is no — in font nullfont!
Missing character: There is no Å in font nullfont!
Missing character: There is no — in font nullfont!
Missing character: There is no Ç in font nullfont!
Missing character: There is no – in font nullfont!
Missing character: There is no ∏ in font nullfont!
Missing character: There is no . in font nullfont!

Overfull \hbox (20.0pt too wide) in paragraph at lines 4--6
[]
 []


! LaTeX Error: Missing \begin{document}.

See the LaTeX manual or LaTeX Companion for explanation.
Type  H <return>  for immediate help.
 ...                                              
                                                  
l.7 {\bfseries –
                í–∞—Ä–∏–∞–Ω—Ç —Å–æ—Ä—Ç–∏—Ä–æ–≤–∫–∏:} –ü–æ—Ä–∞–∑—Ä—è–¥–Ω–∞—è ...

You're in trouble here.  Try typing  <return>  to proceed.
If that doesn't work, type  X <return>  to quit.

Missing character: There is no – in font cmbx10!
Missing character: There is no í in font cmbx10!
Missing character: There is no – in font cmbx10!
Missing character: There is no ∞ in font cmbx10!
Missing character: There is no — in font cmbx10!
Missing character: There is no Ä in font cmbx10!
Missing character: There is no – in font cmbx10!
Missing character: There is no ∏ in font cmbx10!
Missing character: There is no – in font cmbx10!
Missing character: There is no ∞ in font cmbx10!
Missing character: There is no – in font cmbx10!
Missing character: There is no Ω in font cmbx10!
Missing character: There is no — in font cmbx10!
Missing character: There is no Ç in font cmbx10!
Missing character: There is no — in font cmbx10!
Missing character: There is no Å in font cmbx10!
Missing character: There is no – in font cmbx10!
Missing character: There is no æ in font cmbx10!
Missing character: There is no — in font cmbx10!
Missing character: There is no Ä in font cmbx10!
Missing character: There is no — in font cmbx10!
Missing character: There is no Ç in font cmbx10!
Missing character: There is no – in font cmbx10!
Missing character: There is no ∏ in font cmbx10!
Missing character: There is no — in font cmbx10!
Missing character: There is no Ä in font cmbx10!
Missing character: There is no – in font cmbx10!
Missing character: There is no æ in font cmbx10!
Missing character: There is no – in font cmbx10!
Missing character: There is no ≤ in font cmbx10!
Missing character: There is no – in font cmbx10!
Missing character: There is no ∫ in font cmbx10!
Missing character: There is no – in font cmbx10!
Missing character: There is no ∏ in font cmbx10!
Missing character: There is no – in font nullfont!
Missing character: There is no ü in font nullfont!
Missing character: There is no – in font nullfont!
Missing character: There is no æ in font nullfont!
Missing character: There is no — in font nullfont!
Missing character: There is no Ä in font nullfont!
Missing character: There is no – in font nullfont!
Missing character: There is no ∞ in font nullfont!
Missing character: There is no – in font nullfont!
Missing character: There is no ∑ in font nullfont!
Missing character: There is no — in font nullfont!
Missing character: There is no Ä in font nullfont!
Missing character: There is no — in font nullfont!
Missing character: There is no è in font nullfont!
Missing character: There is no – in font nullfont!
Missing character: There is no ¥ in font nullfont!
Missing character: There is no – in font nullfont!
Missing character: There is no Ω in font nullfont!
Missing character: There is no – in font nullfont!
Missing character: There is no ∞ in font nullfont!
Missing character: There is no — in font nullfont!
Missing character: There is no è in font nullfont!
Missing character: There is no — in font nullfont!
Missing character: There is no Å in font nullfont!
Missing character: There is no – in font nullfont!
Missing character: There is no æ in font nullfont!
Missing character: There is no — in font nullfont!
Missing character: There is no Ä in font nullfont!
Missing character: There is no — in font nullfont!
Missing character: There is no Ç in font nullfont!
Missing character: There is no – in font nullfont!
Missing character: There is no ∏ in font nullfont!
Missing character: There is no — in font nullfont!
Missing character: There is no Ä in font nullfont!
Missing character: There is no – in font nullfont!
Missing character: There is no æ in font nullfont!
Missing character: There is no – in font nullfont!
Missing character: There is no ≤ in font nullfont!
Missing character: There is no – in font nullfont!
Missing character: There is no ∫ in font nullfont!
Missing character: There is no – in font nullfont!
Missing character: There is no ∞ in font nullfont!
Missing character: There is no . in font nullfont!

Overfull \hbox (20.0pt too wide) in paragraph at lines 7--8
[]
 []


Overfull \hbox (3.19443pt too wide) in paragraph at lines 7--8
\OT1/cmr/bx/n/10 :
 []


! LaTeX Error: Missing \begin{document}.

See the LaTeX manual or LaTeX Companion for explanation.
Type  H <return>  for immediate help.
 ...                                              
                                                  
l.9 {\bfseries –
                í–∞—Ä–∏–∞–Ω—Ç –∫–ª—é—á–∞:} { \normalfont\ttfamily MD5-—Å—É–º...

You're in trouble here.  Try typing  <return>  to proceed.
If that doesn't work, type  X <return>  to quit.

Missing character: There is no – in font cmbx10!
Missing character: There is no í in font cmbx10!
Missing character: There is no – in font cmbx10!
Missing character: There is no ∞ in font cmbx10!
Missing character: There is no — in font cmbx10!
Missing character: There is no Ä in font cmbx10!
Missing character: There is no – in font cmbx10!
Missing character: There is no ∏ in font cmbx10!
Missing character: There is no – in font cmbx10!
Missing character: There is no ∞ in font cmbx10!
Missing character: There is no – in font cmbx10!
Missing character: There is no Ω in font cmbx10!
Missing character: There is no — in font cmbx10!
Missing character: There is no Ç in font cmbx10!
Missing character: There is no – in font cmbx10!
Missing character: There is no ∫ in font cmbx10!
Missing character: There is no – in font cmbx10!
Missing character: There is no ª in font cmbx10!
Missing character: There is no — in font cmbx10!
Missing character: There is no é in font cmbx10!
Missing character: There is no — in font cmbx10!
Missing character: There is no á in font cmbx10!
Missing character: There is no – in font cmbx10!
Missing character: There is no ∞ in font cmbx10!
Missing character: There is no — in font cmtt10!
Missing character: There is no Å in font cmtt10!
Missing character: There is no — in font cmtt10!
Missing character: There is no É in font cmtt10!
Missing character: There is no – in font cmtt10!
Missing character: There is no º in font cmtt10!
Missing character: There is no – in font cmtt10!
Missing character: There is no º in font cmtt10!
Missing character: There is no — in font cmtt10!
Missing character: There is no ã in font cmtt10!
Missing character: There is no — in font cmtt10!
Missing character: There is no Ä in font cmtt10!
Missing character: There is no – in font cmtt10!
Missing character: There is no ∞ in font cmtt10!
Missing character: There is no – in font cmtt10!
Missing character: There is no ∑ in font cmtt10!
Missing character: There is no — in font cmtt10!
Missing character: There is no Ä in font cmtt10!
Missing character: There is no — in font cmtt10!
Missing character: There is no è in font cmtt10!
Missing character: There is no – in font cmtt10!
Missing character: There is no ¥ in font cmtt10!
Missing character: There is no – in font cmtt10!
Missing character: There is no Ω in font cmtt10!
Missing character: There is no — in font cmtt10!
Missing character: There is no ã in font cmtt10!
Missing character: There is no – in font cmtt10!
Missing character: There is no µ in font cmtt10!
Missing character: There is no — in font cmtt10!
Missing character: There is no à in font cmtt10!
Missing character: There is no – in font cmtt10!
Missing character: There is no µ in font cmtt10!
Missing character: There is no — in font cmtt10!
Missing character: There is no Å in font cmtt10!
Missing character: There is no — in font cmtt10!
Missing character: There is no Ç in font cmtt10!
Missing character: There is no – in font cmtt10!
Missing character: There is no Ω in font cmtt10!
Missing character: There is no – in font cmtt10!
Missing character: There is no ∞ in font cmtt10!
Missing character: There is no – in font cmtt10!
Missing character: There is no ¥ in font cmtt10!
Missing character: There is no — in font cmtt10!
Missing character: There is no Ü in font cmtt10!
Missing character: There is no – in font cmtt10!
Missing character: There is no ∞ in font cmtt10!
Missing character: There is no — in font cmtt10!
Missing character: There is no Ç in font cmtt10!
Missing character: There is no – in font cmtt10!
Missing character: There is no ∏ in font cmtt10!
Missing character: There is no — in font cmtt10!
Missing character: There is no Ä in font cmtt10!
Missing character: There is no – in font cmtt10!
Missing character: There is no ∏ in font cmtt10!
Missing character: There is no — in font cmtt10!
Missing character: There is no á in font cmtt10!
Missing character: There is no – in font cmtt10!
Missing character: There is no Ω in font cmtt10!
Missing character: There is no — in font cmtt10!
Missing character: There is no ã in font cmtt10!
Missing character: There is no – in font cmtt10!
Missing character: There is no µ in font cmtt10!
Missing character: There is no — in font cmtt10!
Missing character: There is no á in font cmtt10!
Missing character: There is no – in font cmtt10!
Missing character: There is no ∏ in font cmtt10!
Missing character: There is no — in font cmtt10!
Missing character: There is no Å in font cmtt10!
Missing character: There is no – in font cmtt10!
Missing character: There is no ª in font cmtt10!
Missing character: There is no – in font cmtt10!
Missing character: There is no ∞ in font cmtt10!

Overfull \hbox (20.0pt too wide) in paragraph at lines 9--10
[]
 []


Overfull \hbox (3.19443pt too wide) in paragraph at lines 9--10
\OT1/cmr/bx/n/10 :
 []


Overfull \hbox (20.99982pt too wide) in paragraph at lines 9--10
\OT1/cmtt/m/n/10 MD5-
 []


Overfull \hbox (20.99982pt too wide) in paragraph at lines 9--10
\OT1/cmtt/m/n/10 (32-
 []


Overfull \hbox (10.49991pt too wide) in paragraph at lines 9--10
\OT1/cmtt/m/n/10 ).
 []


! LaTeX Error: Missing \begin{document}.

See the LaTeX manual or LaTeX Companion for explanation.
Type  H <return>  for immediate help.
 ...                                              
                                                  
l.11 {\bfseries –
                 í–∞—Ä–∏–∞–Ω—Ç –∑–Ω–∞—á–µ–Ω–∏—è:} { \normalfont\ttfamily –ß–...

You're in trouble here.  Try typing  <return>  to proceed.
If that doesn't work, type  X <return>  to quit.

Missing character: There is no – in font cmbx10!
Missing character: There is no í in font cmbx10!
Missing character: There is no – in font cmbx10!
Missing character: There is no ∞ in font cmbx10!
Missing character: There is no — in font cmbx10!
Missing character: There is no Ä in font cmbx10!
Missing character: There is no – in font cmbx10!
Missing character: There is no ∏ in font cmbx10!
Missing character: There is no – in font cmbx10!
Missing character: There is no ∞ in font cmbx10!
Missing character: There is no – in font cmbx10!
Missing character: There is no Ω in font cmbx10!
Missing character: There is no — in font cmbx10!
Missing character: There is no Ç in font cmbx10!
Missing character: There is no – in font cmbx10!
Missing character: There is no ∑ in font cmbx10!
Missing character: There is no – in font cmbx10!
Missing character: There is no Ω in font cmbx10!
Missing character: There is no – in font cmbx10!
Missing character: There is no ∞ in font cmbx10!
Missing character: There is no — in font cmbx10!
Missing character: There is no á in font cmbx10!
Missing character: There is no – in font cmbx10!
Missing character: There is no µ in font cmbx10!
Missing character: There is no – in font cmbx10!
Missing character: There is no Ω in font cmbx10!
Missing character: There is no – in font cmbx10!
Missing character: There is no ∏ in font cmbx10!
Missing character: There is no — in font cmbx10!
Missing character: There is no è in font cmbx10!
Missing character: There is no – in font cmtt10!
Missing character: There is no ß in font cmtt10!
Missing character: There is no – in font cmtt10!
Missing character: There is no ∏ in font cmtt10!
Missing character: There is no — in font cmtt10!
Missing character: There is no Å in font cmtt10!
Missing character: There is no – in font cmtt10!
Missing character: There is no ª in font cmtt10!
Missing character: There is no – in font cmtt10!
Missing character: There is no ∞ in font cmtt10!
Missing character: There is no – in font cmtt10!
Missing character: There is no æ in font cmtt10!
Missing character: There is no — in font cmtt10!
Missing character: There is no Ç in font cmtt10!
Missing character: There is no – in font cmtt10!
Missing character: There is no ¥ in font cmtt10!
Missing character: There is no – in font cmtt10!
Missing character: There is no æ in font cmtt10!
! Missing $ inserted.
<inserted text> 
                $
l.11 ...malfont\ttfamily –ß–∏—Å–ª–∞ –æ—Ç 0 –¥–æ 2^
                                                  {64} - 1..}
I've inserted a begin-math/end-math symbol since I think
you left one out. Proceed, with fingers crossed.

LaTeX Font Info:    External font `cmex10' loaded for size
(Font)              <7> on input line 11.
LaTeX Font Info:    External font `cmex10' loaded for size
(Font)              <5> on input line 11.
! Extra }, or forgotten $.
l.11 ...amily –ß–∏—Å–ª–∞ –æ—Ç 0 –¥–æ 2^{64} - 1..}
                                                  
I've deleted a group-closing symbol because it seems to be
spurious, as in `$x}$'. But perhaps the } is legitimate and
you forgot something else, as in `\hbox{$x}'. In such cases
the way to recover is to insert both the forgotten and the
deleted material, e.g., by typing `I$}'.

! Extra }, or forgotten $.
l.12 }
      
I've deleted a group-closing symbol because it seems to be
spurious, as in `$x}$'. But perhaps the } is legitimate and
you forgot something else, as in `\hbox{$x}'. In such cases
the way to recover is to insert both the forgotten and the
deleted material, e.g., by typing `I$}'.

)
! Emergency stop.
<*> ./problem.tex
                 
*** (job aborted, no legal \end found)

 
Here is how much of TeX's memory you used:
 14 strings out of 493312
 325 string characters out of 3138889
 53761 words of memory out of 3000000
 3660 multiletter control sequences out of 15000+200000
 4116 words of font info for 16 fonts, out of 3000000 for 9000
 1141 hyphenation exceptions out of 8191
 18i,2n,14p,261b,103s stack positions out of 5000i,500n,10000p,200000b,50000s
!  ==> Fatal error occurred, no output PDF file produced!
